<?xml version="1.0" encoding="utf-8"?>
<shfbBuild product="Sandcastle Help File Builder" version="1.9.6.0" projectFile="C:\Users\Administrator\Documents\Visual Studio 2010\Projects\FtpToSharePoint\FtpToSharePointDoc.shfbproj" started="3/7/2013 9:37:53 AM">
<buildStep step="Initializing">
Finding tools...
Found Sandcastle tools in &#39;C:\Program Files (x86)\Sandcastle\&#39;
Searching for HTML Help 1 compiler...
Found HTML Help 1 compiler in &#39;C:\Program Files (x86)\HTML Help Workshop\&#39;
</buildStep>
<buildStep step="ValidatingDocumentationSources">
Validating and copying documentation source information
Source: C:\Users\Administrator\Documents\Visual Studio 2010\Projects\FtpToSharePoint\FtpToSharePoint\bin\x64\Debug\FtpToSharePoint.exe
    Found assembly &#39;C:\Users\Administrator\Documents\Visual Studio 2010\Projects\FtpToSharePoint\FtpToSharePoint\bin\x64\Debug\FtpToSharePoint.exe&#39;
Source: C:\Users\Administrator\Documents\Visual Studio 2010\Projects\FtpToSharePoint\FtpToSharePoint\bin\x64\Debug\FtpToSharePoint.XML

Copying XML comments files
    C:\Users\Administrator\Documents\Visual Studio 2010\Projects\FtpToSharePoint\FtpToSharePoint\bin\x64\Debug\FtpToSharePoint.XML -&gt; C:\Users\Administrator\Documents\Visual Studio 2010\Projects\FtpToSharePoint\Help\Working\FtpToSharePoint.XML
</buildStep>
<buildStep step="GenerateSharedContent">
Generating shared content files (en-US, English (United States))...
    Last step completed in 00:00:00.0632
</buildStep>
<buildStep step="GenerateApiFilter">
Generating API filter for MRefBuilder...
    Last step completed in 00:00:00.0019
</buildStep>
<buildStep step="GenerateReflectionInfo">
Generating reflection information...
[C:\Windows\Microsoft.NET\Framework64\v4.0.30319\MSBuild.exe]
  MRefBuilder (v2.7.2.0)
  Copyright c 2006-2012, Microsoft Corporation, All Rights Reserved
  Info: Loaded 1 assemblies for reflection and 1 dependency assemblies.
  Info: Wrote information on 1 namespaces, 2 types, and 9 members
  XslTransform (v2.7.2.0)
  Copyright c 2006-2012, Microsoft Corporation, All Rights Reserved
  Info: Applying XSL transformation &#39;C:\Program Files (x86)\Sandcastle\ProductionTransforms\MergeDuplicates.xsl&#39;.
    Last step completed in 00:00:04.3328
</buildStep>
<buildStep step="GenerateNamespaceSummaries">
Generating namespace summary information...
    Last step completed in 00:00:00.0019
</buildStep>
<buildStep step="ApplyVisibilityProperties">
Applying visibility properties to reflection information file
    0 attribute nodes removed
    0 explicit interface implementations removed
    0 local and base class EII elements removed
    Last step completed in 00:00:00.0297
</buildStep>
<buildStep step="TransformReflectionInfo">
Transforming reflection output...
[C:\Windows\Microsoft.NET\Framework64\v4.0.30319\MSBuild.exe]
  XslTransform (v2.7.2.0)
  Copyright c 2006-2012, Microsoft Corporation, All Rights Reserved
  Info: Applying XSL transformation &#39;C:\Program Files (x86)\Sandcastle\\ProductionTransforms\ApplyVSDocModel.xsl&#39;.
  Info: Applying XSL transformation &#39;C:\Program Files (x86)\Sandcastle\ProductionTransforms\AddGuidFilenames.xsl&#39;.
  XslTransform (v2.7.2.0)
  Copyright c 2006-2012, Microsoft Corporation, All Rights Reserved
  Info: Applying XSL transformation &#39;C:\Program Files (x86)\Sandcastle\ProductionTransforms\ReflectionToManifest.xsl&#39;.
    Last step completed in 00:00:04.0131
</buildStep>
<buildStep step="ModifyHelpTopicFilenames">
Modifying help topic filenames in reflection information file
    No changes required
    Last step completed in 00:00:00.0096
</buildStep>
<buildStep step="CopyStandardContent">
Copying standard help content...
C:\Program Files (x86)\Sandcastle\\Presentation\VS2005\icons\adm.gif -&gt; C:\Users\Administrator\Documents\Visual Studio 2010\Projects\FtpToSharePoint\Help\Working\Output\HtmlHelp1\icons\adm.gif
C:\Program Files (x86)\Sandcastle\\Presentation\VS2005\icons\adm_arch.gif -&gt; C:\Users\Administrator\Documents\Visual Studio 2010\Projects\FtpToSharePoint\Help\Working\Output\HtmlHelp1\icons\adm_arch.gif
C:\Program Files (x86)\Sandcastle\\Presentation\VS2005\icons\adm_dev.gif -&gt; C:\Users\Administrator\Documents\Visual Studio 2010\Projects\FtpToSharePoint\Help\Working\Output\HtmlHelp1\icons\adm_dev.gif
C:\Program Files (x86)\Sandcastle\\Presentation\VS2005\icons\adm_dev_arch.gif -&gt; C:\Users\Administrator\Documents\Visual Studio 2010\Projects\FtpToSharePoint\Help\Working\Output\HtmlHelp1\icons\adm_dev_arch.gif
C:\Program Files (x86)\Sandcastle\\Presentation\VS2005\icons\alert_caution.gif -&gt; C:\Users\Administrator\Documents\Visual Studio 2010\Projects\FtpToSharePoint\Help\Working\Output\HtmlHelp1\icons\alert_caution.gif
C:\Program Files (x86)\Sandcastle\\Presentation\VS2005\icons\alert_note.gif -&gt; C:\Users\Administrator\Documents\Visual Studio 2010\Projects\FtpToSharePoint\Help\Working\Output\HtmlHelp1\icons\alert_note.gif
C:\Program Files (x86)\Sandcastle\\Presentation\VS2005\icons\alert_security.gif -&gt; C:\Users\Administrator\Documents\Visual Studio 2010\Projects\FtpToSharePoint\Help\Working\Output\HtmlHelp1\icons\alert_security.gif
C:\Program Files (x86)\Sandcastle\\Presentation\VS2005\icons\arch.gif -&gt; C:\Users\Administrator\Documents\Visual Studio 2010\Projects\FtpToSharePoint\Help\Working\Output\HtmlHelp1\icons\arch.gif
C:\Program Files (x86)\Sandcastle\\Presentation\VS2005\icons\big_adm.gif -&gt; C:\Users\Administrator\Documents\Visual Studio 2010\Projects\FtpToSharePoint\Help\Working\Output\HtmlHelp1\icons\big_adm.gif
C:\Program Files (x86)\Sandcastle\\Presentation\VS2005\icons\big_arch.gif -&gt; C:\Users\Administrator\Documents\Visual Studio 2010\Projects\FtpToSharePoint\Help\Working\Output\HtmlHelp1\icons\big_arch.gif
C:\Program Files (x86)\Sandcastle\\Presentation\VS2005\icons\big_dev.gif -&gt; C:\Users\Administrator\Documents\Visual Studio 2010\Projects\FtpToSharePoint\Help\Working\Output\HtmlHelp1\icons\big_dev.gif
C:\Program Files (x86)\Sandcastle\\Presentation\VS2005\icons\big_kw.gif -&gt; C:\Users\Administrator\Documents\Visual Studio 2010\Projects\FtpToSharePoint\Help\Working\Output\HtmlHelp1\icons\big_kw.gif
C:\Program Files (x86)\Sandcastle\\Presentation\VS2005\icons\box.gif -&gt; C:\Users\Administrator\Documents\Visual Studio 2010\Projects\FtpToSharePoint\Help\Working\Output\HtmlHelp1\icons\box.gif
C:\Program Files (x86)\Sandcastle\\Presentation\VS2005\icons\Caution.gif -&gt; C:\Users\Administrator\Documents\Visual Studio 2010\Projects\FtpToSharePoint\Help\Working\Output\HtmlHelp1\icons\Caution.gif
C:\Program Files (x86)\Sandcastle\\Presentation\VS2005\icons\CFW.gif -&gt; C:\Users\Administrator\Documents\Visual Studio 2010\Projects\FtpToSharePoint\Help\Working\Output\HtmlHelp1\icons\CFW.gif
C:\Program Files (x86)\Sandcastle\\Presentation\VS2005\icons\collall.gif -&gt; C:\Users\Administrator\Documents\Visual Studio 2010\Projects\FtpToSharePoint\Help\Working\Output\HtmlHelp1\icons\collall.gif
C:\Program Files (x86)\Sandcastle\\Presentation\VS2005\icons\collapse.gif -&gt; C:\Users\Administrator\Documents\Visual Studio 2010\Projects\FtpToSharePoint\Help\Working\Output\HtmlHelp1\icons\collapse.gif
C:\Program Files (x86)\Sandcastle\\Presentation\VS2005\icons\collapse_all.gif -&gt; C:\Users\Administrator\Documents\Visual Studio 2010\Projects\FtpToSharePoint\Help\Working\Output\HtmlHelp1\icons\collapse_all.gif
C:\Program Files (x86)\Sandcastle\\Presentation\VS2005\icons\copycode.gif -&gt; C:\Users\Administrator\Documents\Visual Studio 2010\Projects\FtpToSharePoint\Help\Working\Output\HtmlHelp1\icons\copycode.gif
C:\Program Files (x86)\Sandcastle\\Presentation\VS2005\icons\copycodeHighlight.gif -&gt; C:\Users\Administrator\Documents\Visual Studio 2010\Projects\FtpToSharePoint\Help\Working\Output\HtmlHelp1\icons\copycodeHighlight.gif
C:\Program Files (x86)\Sandcastle\\Presentation\VS2005\icons\dev.gif -&gt; C:\Users\Administrator\Documents\Visual Studio 2010\Projects\FtpToSharePoint\Help\Working\Output\HtmlHelp1\icons\dev.gif
C:\Program Files (x86)\Sandcastle\\Presentation\VS2005\icons\dev_arch.gif -&gt; C:\Users\Administrator\Documents\Visual Studio 2010\Projects\FtpToSharePoint\Help\Working\Output\HtmlHelp1\icons\dev_arch.gif
C:\Program Files (x86)\Sandcastle\\Presentation\VS2005\icons\dropdown.gif -&gt; C:\Users\Administrator\Documents\Visual Studio 2010\Projects\FtpToSharePoint\Help\Working\Output\HtmlHelp1\icons\dropdown.gif
C:\Program Files (x86)\Sandcastle\\Presentation\VS2005\icons\dropdownHover.gif -&gt; C:\Users\Administrator\Documents\Visual Studio 2010\Projects\FtpToSharePoint\Help\Working\Output\HtmlHelp1\icons\dropdownHover.gif
C:\Program Files (x86)\Sandcastle\\Presentation\VS2005\icons\drpdown.gif -&gt; C:\Users\Administrator\Documents\Visual Studio 2010\Projects\FtpToSharePoint\Help\Working\Output\HtmlHelp1\icons\drpdown.gif
C:\Program Files (x86)\Sandcastle\\Presentation\VS2005\icons\drpdown_orange.gif -&gt; C:\Users\Administrator\Documents\Visual Studio 2010\Projects\FtpToSharePoint\Help\Working\Output\HtmlHelp1\icons\drpdown_orange.gif
C:\Program Files (x86)\Sandcastle\\Presentation\VS2005\icons\drpdown_orange_up.gif -&gt; C:\Users\Administrator\Documents\Visual Studio 2010\Projects\FtpToSharePoint\Help\Working\Output\HtmlHelp1\icons\drpdown_orange_up.gif
C:\Program Files (x86)\Sandcastle\\Presentation\VS2005\icons\drpup.gif -&gt; C:\Users\Administrator\Documents\Visual Studio 2010\Projects\FtpToSharePoint\Help\Working\Output\HtmlHelp1\icons\drpup.gif
C:\Program Files (x86)\Sandcastle\\Presentation\VS2005\icons\exp.gif -&gt; C:\Users\Administrator\Documents\Visual Studio 2010\Projects\FtpToSharePoint\Help\Working\Output\HtmlHelp1\icons\exp.gif
C:\Program Files (x86)\Sandcastle\\Presentation\VS2005\icons\expall.gif -&gt; C:\Users\Administrator\Documents\Visual Studio 2010\Projects\FtpToSharePoint\Help\Working\Output\HtmlHelp1\icons\expall.gif
C:\Program Files (x86)\Sandcastle\\Presentation\VS2005\icons\expand_all.gif -&gt; C:\Users\Administrator\Documents\Visual Studio 2010\Projects\FtpToSharePoint\Help\Working\Output\HtmlHelp1\icons\expand_all.gif
C:\Program Files (x86)\Sandcastle\\Presentation\VS2005\icons\filter1a.gif -&gt; C:\Users\Administrator\Documents\Visual Studio 2010\Projects\FtpToSharePoint\Help\Working\Output\HtmlHelp1\icons\filter1a.gif
C:\Program Files (x86)\Sandcastle\\Presentation\VS2005\icons\filter1c.gif -&gt; C:\Users\Administrator\Documents\Visual Studio 2010\Projects\FtpToSharePoint\Help\Working\Output\HtmlHelp1\icons\filter1c.gif
C:\Program Files (x86)\Sandcastle\\Presentation\VS2005\icons\footer.gif -&gt; C:\Users\Administrator\Documents\Visual Studio 2010\Projects\FtpToSharePoint\Help\Working\Output\HtmlHelp1\icons\footer.gif
C:\Program Files (x86)\Sandcastle\\Presentation\VS2005\icons\gradient.gif -&gt; C:\Users\Administrator\Documents\Visual Studio 2010\Projects\FtpToSharePoint\Help\Working\Output\HtmlHelp1\icons\gradient.gif
C:\Program Files (x86)\Sandcastle\\Presentation\VS2005\icons\greencheck.gif -&gt; C:\Users\Administrator\Documents\Visual Studio 2010\Projects\FtpToSharePoint\Help\Working\Output\HtmlHelp1\icons\greencheck.gif
C:\Program Files (x86)\Sandcastle\\Presentation\VS2005\icons\greychck.gif -&gt; C:\Users\Administrator\Documents\Visual Studio 2010\Projects\FtpToSharePoint\Help\Working\Output\HtmlHelp1\icons\greychck.gif
C:\Program Files (x86)\Sandcastle\\Presentation\VS2005\icons\header_prev_next.jpg -&gt; C:\Users\Administrator\Documents\Visual Studio 2010\Projects\FtpToSharePoint\Help\Working\Output\HtmlHelp1\icons\header_prev_next.jpg
C:\Program Files (x86)\Sandcastle\\Presentation\VS2005\icons\header_sql_tutorial_blank.jpg -&gt; C:\Users\Administrator\Documents\Visual Studio 2010\Projects\FtpToSharePoint\Help\Working\Output\HtmlHelp1\icons\header_sql_tutorial_blank.jpg
C:\Program Files (x86)\Sandcastle\\Presentation\VS2005\icons\header_sql_tutorial_logo.GIF -&gt; C:\Users\Administrator\Documents\Visual Studio 2010\Projects\FtpToSharePoint\Help\Working\Output\HtmlHelp1\icons\header_sql_tutorial_logo.GIF
C:\Program Files (x86)\Sandcastle\\Presentation\VS2005\icons\kw.gif -&gt; C:\Users\Administrator\Documents\Visual Studio 2010\Projects\FtpToSharePoint\Help\Working\Output\HtmlHelp1\icons\kw.gif
C:\Program Files (x86)\Sandcastle\\Presentation\VS2005\icons\kw_adm.gif -&gt; C:\Users\Administrator\Documents\Visual Studio 2010\Projects\FtpToSharePoint\Help\Working\Output\HtmlHelp1\icons\kw_adm.gif
C:\Program Files (x86)\Sandcastle\\Presentation\VS2005\icons\kw_adm_arch.gif -&gt; C:\Users\Administrator\Documents\Visual Studio 2010\Projects\FtpToSharePoint\Help\Working\Output\HtmlHelp1\icons\kw_adm_arch.gif
C:\Program Files (x86)\Sandcastle\\Presentation\VS2005\icons\kw_adm_dev.gif -&gt; C:\Users\Administrator\Documents\Visual Studio 2010\Projects\FtpToSharePoint\Help\Working\Output\HtmlHelp1\icons\kw_adm_dev.gif
C:\Program Files (x86)\Sandcastle\\Presentation\VS2005\icons\kw_adm_dev_arch.gif -&gt; C:\Users\Administrator\Documents\Visual Studio 2010\Projects\FtpToSharePoint\Help\Working\Output\HtmlHelp1\icons\kw_adm_dev_arch.gif
C:\Program Files (x86)\Sandcastle\\Presentation\VS2005\icons\kw_arch.gif -&gt; C:\Users\Administrator\Documents\Visual Studio 2010\Projects\FtpToSharePoint\Help\Working\Output\HtmlHelp1\icons\kw_arch.gif
C:\Program Files (x86)\Sandcastle\\Presentation\VS2005\icons\kw_dev.gif -&gt; C:\Users\Administrator\Documents\Visual Studio 2010\Projects\FtpToSharePoint\Help\Working\Output\HtmlHelp1\icons\kw_dev.gif
C:\Program Files (x86)\Sandcastle\\Presentation\VS2005\icons\kw_dev_arch.gif -&gt; C:\Users\Administrator\Documents\Visual Studio 2010\Projects\FtpToSharePoint\Help\Working\Output\HtmlHelp1\icons\kw_dev_arch.gif
C:\Program Files (x86)\Sandcastle\\Presentation\VS2005\icons\LastChild.gif -&gt; C:\Users\Administrator\Documents\Visual Studio 2010\Projects\FtpToSharePoint\Help\Working\Output\HtmlHelp1\icons\LastChild.gif
C:\Program Files (x86)\Sandcastle\\Presentation\VS2005\icons\load.gif -&gt; C:\Users\Administrator\Documents\Visual Studio 2010\Projects\FtpToSharePoint\Help\Working\Output\HtmlHelp1\icons\load.gif
C:\Program Files (x86)\Sandcastle\\Presentation\VS2005\icons\load_hover.gif -&gt; C:\Users\Administrator\Documents\Visual Studio 2010\Projects\FtpToSharePoint\Help\Working\Output\HtmlHelp1\icons\load_hover.gif
C:\Program Files (x86)\Sandcastle\\Presentation\VS2005\icons\note.gif -&gt; C:\Users\Administrator\Documents\Visual Studio 2010\Projects\FtpToSharePoint\Help\Working\Output\HtmlHelp1\icons\note.gif
C:\Program Files (x86)\Sandcastle\\Presentation\VS2005\icons\pencil.GIF -&gt; C:\Users\Administrator\Documents\Visual Studio 2010\Projects\FtpToSharePoint\Help\Working\Output\HtmlHelp1\icons\pencil.GIF
C:\Program Files (x86)\Sandcastle\\Presentation\VS2005\icons\privclass.gif -&gt; C:\Users\Administrator\Documents\Visual Studio 2010\Projects\FtpToSharePoint\Help\Working\Output\HtmlHelp1\icons\privclass.gif
C:\Program Files (x86)\Sandcastle\\Presentation\VS2005\icons\privdelegate.gif -&gt; C:\Users\Administrator\Documents\Visual Studio 2010\Projects\FtpToSharePoint\Help\Working\Output\HtmlHelp1\icons\privdelegate.gif
C:\Program Files (x86)\Sandcastle\\Presentation\VS2005\icons\privenum.gif -&gt; C:\Users\Administrator\Documents\Visual Studio 2010\Projects\FtpToSharePoint\Help\Working\Output\HtmlHelp1\icons\privenum.gif
C:\Program Files (x86)\Sandcastle\\Presentation\VS2005\icons\privenumeration.gif -&gt; C:\Users\Administrator\Documents\Visual Studio 2010\Projects\FtpToSharePoint\Help\Working\Output\HtmlHelp1\icons\privenumeration.gif
C:\Program Files (x86)\Sandcastle\\Presentation\VS2005\icons\privevent.gif -&gt; C:\Users\Administrator\Documents\Visual Studio 2010\Projects\FtpToSharePoint\Help\Working\Output\HtmlHelp1\icons\privevent.gif
C:\Program Files (x86)\Sandcastle\\Presentation\VS2005\icons\privextension.gif -&gt; C:\Users\Administrator\Documents\Visual Studio 2010\Projects\FtpToSharePoint\Help\Working\Output\HtmlHelp1\icons\privextension.gif
C:\Program Files (x86)\Sandcastle\\Presentation\VS2005\icons\privfield.gif -&gt; C:\Users\Administrator\Documents\Visual Studio 2010\Projects\FtpToSharePoint\Help\Working\Output\HtmlHelp1\icons\privfield.gif
C:\Program Files (x86)\Sandcastle\\Presentation\VS2005\icons\privinterface.gif -&gt; C:\Users\Administrator\Documents\Visual Studio 2010\Projects\FtpToSharePoint\Help\Working\Output\HtmlHelp1\icons\privinterface.gif
C:\Program Files (x86)\Sandcastle\\Presentation\VS2005\icons\privmethod.gif -&gt; C:\Users\Administrator\Documents\Visual Studio 2010\Projects\FtpToSharePoint\Help\Working\Output\HtmlHelp1\icons\privmethod.gif
C:\Program Files (x86)\Sandcastle\\Presentation\VS2005\icons\privproperty.gif -&gt; C:\Users\Administrator\Documents\Visual Studio 2010\Projects\FtpToSharePoint\Help\Working\Output\HtmlHelp1\icons\privproperty.gif
C:\Program Files (x86)\Sandcastle\\Presentation\VS2005\icons\privstructure.gif -&gt; C:\Users\Administrator\Documents\Visual Studio 2010\Projects\FtpToSharePoint\Help\Working\Output\HtmlHelp1\icons\privstructure.gif
C:\Program Files (x86)\Sandcastle\\Presentation\VS2005\icons\protclass.gif -&gt; C:\Users\Administrator\Documents\Visual Studio 2010\Projects\FtpToSharePoint\Help\Working\Output\HtmlHelp1\icons\protclass.gif
C:\Program Files (x86)\Sandcastle\\Presentation\VS2005\icons\protdelegate.gif -&gt; C:\Users\Administrator\Documents\Visual Studio 2010\Projects\FtpToSharePoint\Help\Working\Output\HtmlHelp1\icons\protdelegate.gif
C:\Program Files (x86)\Sandcastle\\Presentation\VS2005\icons\protenum.gif -&gt; C:\Users\Administrator\Documents\Visual Studio 2010\Projects\FtpToSharePoint\Help\Working\Output\HtmlHelp1\icons\protenum.gif
C:\Program Files (x86)\Sandcastle\\Presentation\VS2005\icons\protenumeration.gif -&gt; C:\Users\Administrator\Documents\Visual Studio 2010\Projects\FtpToSharePoint\Help\Working\Output\HtmlHelp1\icons\protenumeration.gif
C:\Program Files (x86)\Sandcastle\\Presentation\VS2005\icons\protevent.gif -&gt; C:\Users\Administrator\Documents\Visual Studio 2010\Projects\FtpToSharePoint\Help\Working\Output\HtmlHelp1\icons\protevent.gif
C:\Program Files (x86)\Sandcastle\\Presentation\VS2005\icons\protextension.gif -&gt; C:\Users\Administrator\Documents\Visual Studio 2010\Projects\FtpToSharePoint\Help\Working\Output\HtmlHelp1\icons\protextension.gif
C:\Program Files (x86)\Sandcastle\\Presentation\VS2005\icons\protfield.gif -&gt; C:\Users\Administrator\Documents\Visual Studio 2010\Projects\FtpToSharePoint\Help\Working\Output\HtmlHelp1\icons\protfield.gif
C:\Program Files (x86)\Sandcastle\\Presentation\VS2005\icons\protinterface.gif -&gt; C:\Users\Administrator\Documents\Visual Studio 2010\Projects\FtpToSharePoint\Help\Working\Output\HtmlHelp1\icons\protinterface.gif
C:\Program Files (x86)\Sandcastle\\Presentation\VS2005\icons\protmethod.gif -&gt; C:\Users\Administrator\Documents\Visual Studio 2010\Projects\FtpToSharePoint\Help\Working\Output\HtmlHelp1\icons\protmethod.gif
C:\Program Files (x86)\Sandcastle\\Presentation\VS2005\icons\protoperator.gif -&gt; C:\Users\Administrator\Documents\Visual Studio 2010\Projects\FtpToSharePoint\Help\Working\Output\HtmlHelp1\icons\protoperator.gif
C:\Program Files (x86)\Sandcastle\\Presentation\VS2005\icons\protproperty.gif -&gt; C:\Users\Administrator\Documents\Visual Studio 2010\Projects\FtpToSharePoint\Help\Working\Output\HtmlHelp1\icons\protproperty.gif
C:\Program Files (x86)\Sandcastle\\Presentation\VS2005\icons\protstructure.gif -&gt; C:\Users\Administrator\Documents\Visual Studio 2010\Projects\FtpToSharePoint\Help\Working\Output\HtmlHelp1\icons\protstructure.gif
C:\Program Files (x86)\Sandcastle\\Presentation\VS2005\icons\pubclass.gif -&gt; C:\Users\Administrator\Documents\Visual Studio 2010\Projects\FtpToSharePoint\Help\Working\Output\HtmlHelp1\icons\pubclass.gif
C:\Program Files (x86)\Sandcastle\\Presentation\VS2005\icons\pubdelegate.gif -&gt; C:\Users\Administrator\Documents\Visual Studio 2010\Projects\FtpToSharePoint\Help\Working\Output\HtmlHelp1\icons\pubdelegate.gif
C:\Program Files (x86)\Sandcastle\\Presentation\VS2005\icons\pubenum.gif -&gt; C:\Users\Administrator\Documents\Visual Studio 2010\Projects\FtpToSharePoint\Help\Working\Output\HtmlHelp1\icons\pubenum.gif
C:\Program Files (x86)\Sandcastle\\Presentation\VS2005\icons\pubenumeration.gif -&gt; C:\Users\Administrator\Documents\Visual Studio 2010\Projects\FtpToSharePoint\Help\Working\Output\HtmlHelp1\icons\pubenumeration.gif
C:\Program Files (x86)\Sandcastle\\Presentation\VS2005\icons\pubevent.gif -&gt; C:\Users\Administrator\Documents\Visual Studio 2010\Projects\FtpToSharePoint\Help\Working\Output\HtmlHelp1\icons\pubevent.gif
C:\Program Files (x86)\Sandcastle\\Presentation\VS2005\icons\pubextension.gif -&gt; C:\Users\Administrator\Documents\Visual Studio 2010\Projects\FtpToSharePoint\Help\Working\Output\HtmlHelp1\icons\pubextension.gif
C:\Program Files (x86)\Sandcastle\\Presentation\VS2005\icons\pubfield.gif -&gt; C:\Users\Administrator\Documents\Visual Studio 2010\Projects\FtpToSharePoint\Help\Working\Output\HtmlHelp1\icons\pubfield.gif
C:\Program Files (x86)\Sandcastle\\Presentation\VS2005\icons\pubinterface.gif -&gt; C:\Users\Administrator\Documents\Visual Studio 2010\Projects\FtpToSharePoint\Help\Working\Output\HtmlHelp1\icons\pubinterface.gif
C:\Program Files (x86)\Sandcastle\\Presentation\VS2005\icons\pubmethod.gif -&gt; C:\Users\Administrator\Documents\Visual Studio 2010\Projects\FtpToSharePoint\Help\Working\Output\HtmlHelp1\icons\pubmethod.gif
C:\Program Files (x86)\Sandcastle\\Presentation\VS2005\icons\puboperator.gif -&gt; C:\Users\Administrator\Documents\Visual Studio 2010\Projects\FtpToSharePoint\Help\Working\Output\HtmlHelp1\icons\puboperator.gif
C:\Program Files (x86)\Sandcastle\\Presentation\VS2005\icons\pubproperty.gif -&gt; C:\Users\Administrator\Documents\Visual Studio 2010\Projects\FtpToSharePoint\Help\Working\Output\HtmlHelp1\icons\pubproperty.gif
C:\Program Files (x86)\Sandcastle\\Presentation\VS2005\icons\pubstructure.gif -&gt; C:\Users\Administrator\Documents\Visual Studio 2010\Projects\FtpToSharePoint\Help\Working\Output\HtmlHelp1\icons\pubstructure.gif
C:\Program Files (x86)\Sandcastle\\Presentation\VS2005\icons\requirements1a.gif -&gt; C:\Users\Administrator\Documents\Visual Studio 2010\Projects\FtpToSharePoint\Help\Working\Output\HtmlHelp1\icons\requirements1a.gif
C:\Program Files (x86)\Sandcastle\\Presentation\VS2005\icons\requirements1c.gif -&gt; C:\Users\Administrator\Documents\Visual Studio 2010\Projects\FtpToSharePoint\Help\Working\Output\HtmlHelp1\icons\requirements1c.gif
C:\Program Files (x86)\Sandcastle\\Presentation\VS2005\icons\save.gif -&gt; C:\Users\Administrator\Documents\Visual Studio 2010\Projects\FtpToSharePoint\Help\Working\Output\HtmlHelp1\icons\save.gif
C:\Program Files (x86)\Sandcastle\\Presentation\VS2005\icons\save_hover.gif -&gt; C:\Users\Administrator\Documents\Visual Studio 2010\Projects\FtpToSharePoint\Help\Working\Output\HtmlHelp1\icons\save_hover.gif
C:\Program Files (x86)\Sandcastle\\Presentation\VS2005\icons\security.gif -&gt; C:\Users\Administrator\Documents\Visual Studio 2010\Projects\FtpToSharePoint\Help\Working\Output\HtmlHelp1\icons\security.gif
C:\Program Files (x86)\Sandcastle\\Presentation\VS2005\icons\seealso1a.gif -&gt; C:\Users\Administrator\Documents\Visual Studio 2010\Projects\FtpToSharePoint\Help\Working\Output\HtmlHelp1\icons\seealso1a.gif
C:\Program Files (x86)\Sandcastle\\Presentation\VS2005\icons\seealso1c.gif -&gt; C:\Users\Administrator\Documents\Visual Studio 2010\Projects\FtpToSharePoint\Help\Working\Output\HtmlHelp1\icons\seealso1c.gif
C:\Program Files (x86)\Sandcastle\\Presentation\VS2005\icons\slMobile.gif -&gt; C:\Users\Administrator\Documents\Visual Studio 2010\Projects\FtpToSharePoint\Help\Working\Output\HtmlHelp1\icons\slMobile.gif
C:\Program Files (x86)\Sandcastle\\Presentation\VS2005\icons\static.gif -&gt; C:\Users\Administrator\Documents\Visual Studio 2010\Projects\FtpToSharePoint\Help\Working\Output\HtmlHelp1\icons\static.gif
C:\Program Files (x86)\Sandcastle\\Presentation\VS2005\icons\xna.gif -&gt; C:\Users\Administrator\Documents\Visual Studio 2010\Projects\FtpToSharePoint\Help\Working\Output\HtmlHelp1\icons\xna.gif
C:\Program Files (x86)\Sandcastle\\Presentation\VS2005\scripts\CheckboxMenu.js -&gt; C:\Users\Administrator\Documents\Visual Studio 2010\Projects\FtpToSharePoint\Help\Working\Output\HtmlHelp1\scripts\CheckboxMenu.js
C:\Program Files (x86)\Sandcastle\\Presentation\VS2005\scripts\CommonUtilities.js -&gt; C:\Users\Administrator\Documents\Visual Studio 2010\Projects\FtpToSharePoint\Help\Working\Output\HtmlHelp1\scripts\CommonUtilities.js
C:\Program Files (x86)\Sandcastle\\Presentation\VS2005\scripts\Dropdown.js -&gt; C:\Users\Administrator\Documents\Visual Studio 2010\Projects\FtpToSharePoint\Help\Working\Output\HtmlHelp1\scripts\Dropdown.js
C:\Program Files (x86)\Sandcastle\\Presentation\VS2005\scripts\EventUtilities.js -&gt; C:\Users\Administrator\Documents\Visual Studio 2010\Projects\FtpToSharePoint\Help\Working\Output\HtmlHelp1\scripts\EventUtilities.js
C:\Program Files (x86)\Sandcastle\\Presentation\VS2005\scripts\script_feedBack.js -&gt; C:\Users\Administrator\Documents\Visual Studio 2010\Projects\FtpToSharePoint\Help\Working\Output\HtmlHelp1\scripts\script_feedBack.js
C:\Program Files (x86)\Sandcastle\\Presentation\VS2005\scripts\script_manifold.js -&gt; C:\Users\Administrator\Documents\Visual Studio 2010\Projects\FtpToSharePoint\Help\Working\Output\HtmlHelp1\scripts\script_manifold.js
C:\Program Files (x86)\Sandcastle\\Presentation\VS2005\scripts\SplitScreen.js -&gt; C:\Users\Administrator\Documents\Visual Studio 2010\Projects\FtpToSharePoint\Help\Working\Output\HtmlHelp1\scripts\SplitScreen.js
C:\Program Files (x86)\Sandcastle\\Presentation\VS2005\styles\Presentation.css -&gt; C:\Users\Administrator\Documents\Visual Studio 2010\Projects\FtpToSharePoint\Help\Working\Output\HtmlHelp1\styles\Presentation.css
C:\Program Files (x86)\Sandcastle\\Presentation\VS2005\styles\Whidbey\Presentation.css -&gt; C:\Users\Administrator\Documents\Visual Studio 2010\Projects\FtpToSharePoint\Help\Working\Output\HtmlHelp1\styles\Whidbey\Presentation.css
C:\Program Files (x86)\Sandcastle\\Presentation\VS2005\icons\adm.gif -&gt; C:\Users\Administrator\Documents\Visual Studio 2010\Projects\FtpToSharePoint\Help\Working\Output\MSHelpViewer\icons\adm.gif
C:\Program Files (x86)\Sandcastle\\Presentation\VS2005\icons\adm_arch.gif -&gt; C:\Users\Administrator\Documents\Visual Studio 2010\Projects\FtpToSharePoint\Help\Working\Output\MSHelpViewer\icons\adm_arch.gif
C:\Program Files (x86)\Sandcastle\\Presentation\VS2005\icons\adm_dev.gif -&gt; C:\Users\Administrator\Documents\Visual Studio 2010\Projects\FtpToSharePoint\Help\Working\Output\MSHelpViewer\icons\adm_dev.gif
C:\Program Files (x86)\Sandcastle\\Presentation\VS2005\icons\adm_dev_arch.gif -&gt; C:\Users\Administrator\Documents\Visual Studio 2010\Projects\FtpToSharePoint\Help\Working\Output\MSHelpViewer\icons\adm_dev_arch.gif
C:\Program Files (x86)\Sandcastle\\Presentation\VS2005\icons\alert_caution.gif -&gt; C:\Users\Administrator\Documents\Visual Studio 2010\Projects\FtpToSharePoint\Help\Working\Output\MSHelpViewer\icons\alert_caution.gif
C:\Program Files (x86)\Sandcastle\\Presentation\VS2005\icons\alert_note.gif -&gt; C:\Users\Administrator\Documents\Visual Studio 2010\Projects\FtpToSharePoint\Help\Working\Output\MSHelpViewer\icons\alert_note.gif
C:\Program Files (x86)\Sandcastle\\Presentation\VS2005\icons\alert_security.gif -&gt; C:\Users\Administrator\Documents\Visual Studio 2010\Projects\FtpToSharePoint\Help\Working\Output\MSHelpViewer\icons\alert_security.gif
C:\Program Files (x86)\Sandcastle\\Presentation\VS2005\icons\arch.gif -&gt; C:\Users\Administrator\Documents\Visual Studio 2010\Projects\FtpToSharePoint\Help\Working\Output\MSHelpViewer\icons\arch.gif
C:\Program Files (x86)\Sandcastle\\Presentation\VS2005\icons\big_adm.gif -&gt; C:\Users\Administrator\Documents\Visual Studio 2010\Projects\FtpToSharePoint\Help\Working\Output\MSHelpViewer\icons\big_adm.gif
C:\Program Files (x86)\Sandcastle\\Presentation\VS2005\icons\big_arch.gif -&gt; C:\Users\Administrator\Documents\Visual Studio 2010\Projects\FtpToSharePoint\Help\Working\Output\MSHelpViewer\icons\big_arch.gif
C:\Program Files (x86)\Sandcastle\\Presentation\VS2005\icons\big_dev.gif -&gt; C:\Users\Administrator\Documents\Visual Studio 2010\Projects\FtpToSharePoint\Help\Working\Output\MSHelpViewer\icons\big_dev.gif
C:\Program Files (x86)\Sandcastle\\Presentation\VS2005\icons\big_kw.gif -&gt; C:\Users\Administrator\Documents\Visual Studio 2010\Projects\FtpToSharePoint\Help\Working\Output\MSHelpViewer\icons\big_kw.gif
C:\Program Files (x86)\Sandcastle\\Presentation\VS2005\icons\box.gif -&gt; C:\Users\Administrator\Documents\Visual Studio 2010\Projects\FtpToSharePoint\Help\Working\Output\MSHelpViewer\icons\box.gif
C:\Program Files (x86)\Sandcastle\\Presentation\VS2005\icons\Caution.gif -&gt; C:\Users\Administrator\Documents\Visual Studio 2010\Projects\FtpToSharePoint\Help\Working\Output\MSHelpViewer\icons\Caution.gif
C:\Program Files (x86)\Sandcastle\\Presentation\VS2005\icons\CFW.gif -&gt; C:\Users\Administrator\Documents\Visual Studio 2010\Projects\FtpToSharePoint\Help\Working\Output\MSHelpViewer\icons\CFW.gif
C:\Program Files (x86)\Sandcastle\\Presentation\VS2005\icons\collall.gif -&gt; C:\Users\Administrator\Documents\Visual Studio 2010\Projects\FtpToSharePoint\Help\Working\Output\MSHelpViewer\icons\collall.gif
C:\Program Files (x86)\Sandcastle\\Presentation\VS2005\icons\collapse.gif -&gt; C:\Users\Administrator\Documents\Visual Studio 2010\Projects\FtpToSharePoint\Help\Working\Output\MSHelpViewer\icons\collapse.gif
C:\Program Files (x86)\Sandcastle\\Presentation\VS2005\icons\collapse_all.gif -&gt; C:\Users\Administrator\Documents\Visual Studio 2010\Projects\FtpToSharePoint\Help\Working\Output\MSHelpViewer\icons\collapse_all.gif
C:\Program Files (x86)\Sandcastle\\Presentation\VS2005\icons\copycode.gif -&gt; C:\Users\Administrator\Documents\Visual Studio 2010\Projects\FtpToSharePoint\Help\Working\Output\MSHelpViewer\icons\copycode.gif
C:\Program Files (x86)\Sandcastle\\Presentation\VS2005\icons\copycodeHighlight.gif -&gt; C:\Users\Administrator\Documents\Visual Studio 2010\Projects\FtpToSharePoint\Help\Working\Output\MSHelpViewer\icons\copycodeHighlight.gif
C:\Program Files (x86)\Sandcastle\\Presentation\VS2005\icons\dev.gif -&gt; C:\Users\Administrator\Documents\Visual Studio 2010\Projects\FtpToSharePoint\Help\Working\Output\MSHelpViewer\icons\dev.gif
C:\Program Files (x86)\Sandcastle\\Presentation\VS2005\icons\dev_arch.gif -&gt; C:\Users\Administrator\Documents\Visual Studio 2010\Projects\FtpToSharePoint\Help\Working\Output\MSHelpViewer\icons\dev_arch.gif
C:\Program Files (x86)\Sandcastle\\Presentation\VS2005\icons\dropdown.gif -&gt; C:\Users\Administrator\Documents\Visual Studio 2010\Projects\FtpToSharePoint\Help\Working\Output\MSHelpViewer\icons\dropdown.gif
C:\Program Files (x86)\Sandcastle\\Presentation\VS2005\icons\dropdownHover.gif -&gt; C:\Users\Administrator\Documents\Visual Studio 2010\Projects\FtpToSharePoint\Help\Working\Output\MSHelpViewer\icons\dropdownHover.gif
C:\Program Files (x86)\Sandcastle\\Presentation\VS2005\icons\drpdown.gif -&gt; C:\Users\Administrator\Documents\Visual Studio 2010\Projects\FtpToSharePoint\Help\Working\Output\MSHelpViewer\icons\drpdown.gif
C:\Program Files (x86)\Sandcastle\\Presentation\VS2005\icons\drpdown_orange.gif -&gt; C:\Users\Administrator\Documents\Visual Studio 2010\Projects\FtpToSharePoint\Help\Working\Output\MSHelpViewer\icons\drpdown_orange.gif
C:\Program Files (x86)\Sandcastle\\Presentation\VS2005\icons\drpdown_orange_up.gif -&gt; C:\Users\Administrator\Documents\Visual Studio 2010\Projects\FtpToSharePoint\Help\Working\Output\MSHelpViewer\icons\drpdown_orange_up.gif
C:\Program Files (x86)\Sandcastle\\Presentation\VS2005\icons\drpup.gif -&gt; C:\Users\Administrator\Documents\Visual Studio 2010\Projects\FtpToSharePoint\Help\Working\Output\MSHelpViewer\icons\drpup.gif
C:\Program Files (x86)\Sandcastle\\Presentation\VS2005\icons\exp.gif -&gt; C:\Users\Administrator\Documents\Visual Studio 2010\Projects\FtpToSharePoint\Help\Working\Output\MSHelpViewer\icons\exp.gif
C:\Program Files (x86)\Sandcastle\\Presentation\VS2005\icons\expall.gif -&gt; C:\Users\Administrator\Documents\Visual Studio 2010\Projects\FtpToSharePoint\Help\Working\Output\MSHelpViewer\icons\expall.gif
C:\Program Files (x86)\Sandcastle\\Presentation\VS2005\icons\expand_all.gif -&gt; C:\Users\Administrator\Documents\Visual Studio 2010\Projects\FtpToSharePoint\Help\Working\Output\MSHelpViewer\icons\expand_all.gif
C:\Program Files (x86)\Sandcastle\\Presentation\VS2005\icons\filter1a.gif -&gt; C:\Users\Administrator\Documents\Visual Studio 2010\Projects\FtpToSharePoint\Help\Working\Output\MSHelpViewer\icons\filter1a.gif
C:\Program Files (x86)\Sandcastle\\Presentation\VS2005\icons\filter1c.gif -&gt; C:\Users\Administrator\Documents\Visual Studio 2010\Projects\FtpToSharePoint\Help\Working\Output\MSHelpViewer\icons\filter1c.gif
C:\Program Files (x86)\Sandcastle\\Presentation\VS2005\icons\footer.gif -&gt; C:\Users\Administrator\Documents\Visual Studio 2010\Projects\FtpToSharePoint\Help\Working\Output\MSHelpViewer\icons\footer.gif
C:\Program Files (x86)\Sandcastle\\Presentation\VS2005\icons\gradient.gif -&gt; C:\Users\Administrator\Documents\Visual Studio 2010\Projects\FtpToSharePoint\Help\Working\Output\MSHelpViewer\icons\gradient.gif
C:\Program Files (x86)\Sandcastle\\Presentation\VS2005\icons\greencheck.gif -&gt; C:\Users\Administrator\Documents\Visual Studio 2010\Projects\FtpToSharePoint\Help\Working\Output\MSHelpViewer\icons\greencheck.gif
C:\Program Files (x86)\Sandcastle\\Presentation\VS2005\icons\greychck.gif -&gt; C:\Users\Administrator\Documents\Visual Studio 2010\Projects\FtpToSharePoint\Help\Working\Output\MSHelpViewer\icons\greychck.gif
C:\Program Files (x86)\Sandcastle\\Presentation\VS2005\icons\header_prev_next.jpg -&gt; C:\Users\Administrator\Documents\Visual Studio 2010\Projects\FtpToSharePoint\Help\Working\Output\MSHelpViewer\icons\header_prev_next.jpg
C:\Program Files (x86)\Sandcastle\\Presentation\VS2005\icons\header_sql_tutorial_blank.jpg -&gt; C:\Users\Administrator\Documents\Visual Studio 2010\Projects\FtpToSharePoint\Help\Working\Output\MSHelpViewer\icons\header_sql_tutorial_blank.jpg
C:\Program Files (x86)\Sandcastle\\Presentation\VS2005\icons\header_sql_tutorial_logo.GIF -&gt; C:\Users\Administrator\Documents\Visual Studio 2010\Projects\FtpToSharePoint\Help\Working\Output\MSHelpViewer\icons\header_sql_tutorial_logo.GIF
C:\Program Files (x86)\Sandcastle\\Presentation\VS2005\icons\kw.gif -&gt; C:\Users\Administrator\Documents\Visual Studio 2010\Projects\FtpToSharePoint\Help\Working\Output\MSHelpViewer\icons\kw.gif
C:\Program Files (x86)\Sandcastle\\Presentation\VS2005\icons\kw_adm.gif -&gt; C:\Users\Administrator\Documents\Visual Studio 2010\Projects\FtpToSharePoint\Help\Working\Output\MSHelpViewer\icons\kw_adm.gif
C:\Program Files (x86)\Sandcastle\\Presentation\VS2005\icons\kw_adm_arch.gif -&gt; C:\Users\Administrator\Documents\Visual Studio 2010\Projects\FtpToSharePoint\Help\Working\Output\MSHelpViewer\icons\kw_adm_arch.gif
C:\Program Files (x86)\Sandcastle\\Presentation\VS2005\icons\kw_adm_dev.gif -&gt; C:\Users\Administrator\Documents\Visual Studio 2010\Projects\FtpToSharePoint\Help\Working\Output\MSHelpViewer\icons\kw_adm_dev.gif
C:\Program Files (x86)\Sandcastle\\Presentation\VS2005\icons\kw_adm_dev_arch.gif -&gt; C:\Users\Administrator\Documents\Visual Studio 2010\Projects\FtpToSharePoint\Help\Working\Output\MSHelpViewer\icons\kw_adm_dev_arch.gif
C:\Program Files (x86)\Sandcastle\\Presentation\VS2005\icons\kw_arch.gif -&gt; C:\Users\Administrator\Documents\Visual Studio 2010\Projects\FtpToSharePoint\Help\Working\Output\MSHelpViewer\icons\kw_arch.gif
C:\Program Files (x86)\Sandcastle\\Presentation\VS2005\icons\kw_dev.gif -&gt; C:\Users\Administrator\Documents\Visual Studio 2010\Projects\FtpToSharePoint\Help\Working\Output\MSHelpViewer\icons\kw_dev.gif
C:\Program Files (x86)\Sandcastle\\Presentation\VS2005\icons\kw_dev_arch.gif -&gt; C:\Users\Administrator\Documents\Visual Studio 2010\Projects\FtpToSharePoint\Help\Working\Output\MSHelpViewer\icons\kw_dev_arch.gif
C:\Program Files (x86)\Sandcastle\\Presentation\VS2005\icons\LastChild.gif -&gt; C:\Users\Administrator\Documents\Visual Studio 2010\Projects\FtpToSharePoint\Help\Working\Output\MSHelpViewer\icons\LastChild.gif
C:\Program Files (x86)\Sandcastle\\Presentation\VS2005\icons\load.gif -&gt; C:\Users\Administrator\Documents\Visual Studio 2010\Projects\FtpToSharePoint\Help\Working\Output\MSHelpViewer\icons\load.gif
C:\Program Files (x86)\Sandcastle\\Presentation\VS2005\icons\load_hover.gif -&gt; C:\Users\Administrator\Documents\Visual Studio 2010\Projects\FtpToSharePoint\Help\Working\Output\MSHelpViewer\icons\load_hover.gif
C:\Program Files (x86)\Sandcastle\\Presentation\VS2005\icons\note.gif -&gt; C:\Users\Administrator\Documents\Visual Studio 2010\Projects\FtpToSharePoint\Help\Working\Output\MSHelpViewer\icons\note.gif
C:\Program Files (x86)\Sandcastle\\Presentation\VS2005\icons\pencil.GIF -&gt; C:\Users\Administrator\Documents\Visual Studio 2010\Projects\FtpToSharePoint\Help\Working\Output\MSHelpViewer\icons\pencil.GIF
C:\Program Files (x86)\Sandcastle\\Presentation\VS2005\icons\privclass.gif -&gt; C:\Users\Administrator\Documents\Visual Studio 2010\Projects\FtpToSharePoint\Help\Working\Output\MSHelpViewer\icons\privclass.gif
C:\Program Files (x86)\Sandcastle\\Presentation\VS2005\icons\privdelegate.gif -&gt; C:\Users\Administrator\Documents\Visual Studio 2010\Projects\FtpToSharePoint\Help\Working\Output\MSHelpViewer\icons\privdelegate.gif
C:\Program Files (x86)\Sandcastle\\Presentation\VS2005\icons\privenum.gif -&gt; C:\Users\Administrator\Documents\Visual Studio 2010\Projects\FtpToSharePoint\Help\Working\Output\MSHelpViewer\icons\privenum.gif
C:\Program Files (x86)\Sandcastle\\Presentation\VS2005\icons\privenumeration.gif -&gt; C:\Users\Administrator\Documents\Visual Studio 2010\Projects\FtpToSharePoint\Help\Working\Output\MSHelpViewer\icons\privenumeration.gif
C:\Program Files (x86)\Sandcastle\\Presentation\VS2005\icons\privevent.gif -&gt; C:\Users\Administrator\Documents\Visual Studio 2010\Projects\FtpToSharePoint\Help\Working\Output\MSHelpViewer\icons\privevent.gif
C:\Program Files (x86)\Sandcastle\\Presentation\VS2005\icons\privextension.gif -&gt; C:\Users\Administrator\Documents\Visual Studio 2010\Projects\FtpToSharePoint\Help\Working\Output\MSHelpViewer\icons\privextension.gif
C:\Program Files (x86)\Sandcastle\\Presentation\VS2005\icons\privfield.gif -&gt; C:\Users\Administrator\Documents\Visual Studio 2010\Projects\FtpToSharePoint\Help\Working\Output\MSHelpViewer\icons\privfield.gif
C:\Program Files (x86)\Sandcastle\\Presentation\VS2005\icons\privinterface.gif -&gt; C:\Users\Administrator\Documents\Visual Studio 2010\Projects\FtpToSharePoint\Help\Working\Output\MSHelpViewer\icons\privinterface.gif
C:\Program Files (x86)\Sandcastle\\Presentation\VS2005\icons\privmethod.gif -&gt; C:\Users\Administrator\Documents\Visual Studio 2010\Projects\FtpToSharePoint\Help\Working\Output\MSHelpViewer\icons\privmethod.gif
C:\Program Files (x86)\Sandcastle\\Presentation\VS2005\icons\privproperty.gif -&gt; C:\Users\Administrator\Documents\Visual Studio 2010\Projects\FtpToSharePoint\Help\Working\Output\MSHelpViewer\icons\privproperty.gif
C:\Program Files (x86)\Sandcastle\\Presentation\VS2005\icons\privstructure.gif -&gt; C:\Users\Administrator\Documents\Visual Studio 2010\Projects\FtpToSharePoint\Help\Working\Output\MSHelpViewer\icons\privstructure.gif
C:\Program Files (x86)\Sandcastle\\Presentation\VS2005\icons\protclass.gif -&gt; C:\Users\Administrator\Documents\Visual Studio 2010\Projects\FtpToSharePoint\Help\Working\Output\MSHelpViewer\icons\protclass.gif
C:\Program Files (x86)\Sandcastle\\Presentation\VS2005\icons\protdelegate.gif -&gt; C:\Users\Administrator\Documents\Visual Studio 2010\Projects\FtpToSharePoint\Help\Working\Output\MSHelpViewer\icons\protdelegate.gif
C:\Program Files (x86)\Sandcastle\\Presentation\VS2005\icons\protenum.gif -&gt; C:\Users\Administrator\Documents\Visual Studio 2010\Projects\FtpToSharePoint\Help\Working\Output\MSHelpViewer\icons\protenum.gif
C:\Program Files (x86)\Sandcastle\\Presentation\VS2005\icons\protenumeration.gif -&gt; C:\Users\Administrator\Documents\Visual Studio 2010\Projects\FtpToSharePoint\Help\Working\Output\MSHelpViewer\icons\protenumeration.gif
C:\Program Files (x86)\Sandcastle\\Presentation\VS2005\icons\protevent.gif -&gt; C:\Users\Administrator\Documents\Visual Studio 2010\Projects\FtpToSharePoint\Help\Working\Output\MSHelpViewer\icons\protevent.gif
C:\Program Files (x86)\Sandcastle\\Presentation\VS2005\icons\protextension.gif -&gt; C:\Users\Administrator\Documents\Visual Studio 2010\Projects\FtpToSharePoint\Help\Working\Output\MSHelpViewer\icons\protextension.gif
C:\Program Files (x86)\Sandcastle\\Presentation\VS2005\icons\protfield.gif -&gt; C:\Users\Administrator\Documents\Visual Studio 2010\Projects\FtpToSharePoint\Help\Working\Output\MSHelpViewer\icons\protfield.gif
C:\Program Files (x86)\Sandcastle\\Presentation\VS2005\icons\protinterface.gif -&gt; C:\Users\Administrator\Documents\Visual Studio 2010\Projects\FtpToSharePoint\Help\Working\Output\MSHelpViewer\icons\protinterface.gif
C:\Program Files (x86)\Sandcastle\\Presentation\VS2005\icons\protmethod.gif -&gt; C:\Users\Administrator\Documents\Visual Studio 2010\Projects\FtpToSharePoint\Help\Working\Output\MSHelpViewer\icons\protmethod.gif
C:\Program Files (x86)\Sandcastle\\Presentation\VS2005\icons\protoperator.gif -&gt; C:\Users\Administrator\Documents\Visual Studio 2010\Projects\FtpToSharePoint\Help\Working\Output\MSHelpViewer\icons\protoperator.gif
C:\Program Files (x86)\Sandcastle\\Presentation\VS2005\icons\protproperty.gif -&gt; C:\Users\Administrator\Documents\Visual Studio 2010\Projects\FtpToSharePoint\Help\Working\Output\MSHelpViewer\icons\protproperty.gif
C:\Program Files (x86)\Sandcastle\\Presentation\VS2005\icons\protstructure.gif -&gt; C:\Users\Administrator\Documents\Visual Studio 2010\Projects\FtpToSharePoint\Help\Working\Output\MSHelpViewer\icons\protstructure.gif
C:\Program Files (x86)\Sandcastle\\Presentation\VS2005\icons\pubclass.gif -&gt; C:\Users\Administrator\Documents\Visual Studio 2010\Projects\FtpToSharePoint\Help\Working\Output\MSHelpViewer\icons\pubclass.gif
C:\Program Files (x86)\Sandcastle\\Presentation\VS2005\icons\pubdelegate.gif -&gt; C:\Users\Administrator\Documents\Visual Studio 2010\Projects\FtpToSharePoint\Help\Working\Output\MSHelpViewer\icons\pubdelegate.gif
C:\Program Files (x86)\Sandcastle\\Presentation\VS2005\icons\pubenum.gif -&gt; C:\Users\Administrator\Documents\Visual Studio 2010\Projects\FtpToSharePoint\Help\Working\Output\MSHelpViewer\icons\pubenum.gif
C:\Program Files (x86)\Sandcastle\\Presentation\VS2005\icons\pubenumeration.gif -&gt; C:\Users\Administrator\Documents\Visual Studio 2010\Projects\FtpToSharePoint\Help\Working\Output\MSHelpViewer\icons\pubenumeration.gif
C:\Program Files (x86)\Sandcastle\\Presentation\VS2005\icons\pubevent.gif -&gt; C:\Users\Administrator\Documents\Visual Studio 2010\Projects\FtpToSharePoint\Help\Working\Output\MSHelpViewer\icons\pubevent.gif
C:\Program Files (x86)\Sandcastle\\Presentation\VS2005\icons\pubextension.gif -&gt; C:\Users\Administrator\Documents\Visual Studio 2010\Projects\FtpToSharePoint\Help\Working\Output\MSHelpViewer\icons\pubextension.gif
C:\Program Files (x86)\Sandcastle\\Presentation\VS2005\icons\pubfield.gif -&gt; C:\Users\Administrator\Documents\Visual Studio 2010\Projects\FtpToSharePoint\Help\Working\Output\MSHelpViewer\icons\pubfield.gif
C:\Program Files (x86)\Sandcastle\\Presentation\VS2005\icons\pubinterface.gif -&gt; C:\Users\Administrator\Documents\Visual Studio 2010\Projects\FtpToSharePoint\Help\Working\Output\MSHelpViewer\icons\pubinterface.gif
C:\Program Files (x86)\Sandcastle\\Presentation\VS2005\icons\pubmethod.gif -&gt; C:\Users\Administrator\Documents\Visual Studio 2010\Projects\FtpToSharePoint\Help\Working\Output\MSHelpViewer\icons\pubmethod.gif
C:\Program Files (x86)\Sandcastle\\Presentation\VS2005\icons\puboperator.gif -&gt; C:\Users\Administrator\Documents\Visual Studio 2010\Projects\FtpToSharePoint\Help\Working\Output\MSHelpViewer\icons\puboperator.gif
C:\Program Files (x86)\Sandcastle\\Presentation\VS2005\icons\pubproperty.gif -&gt; C:\Users\Administrator\Documents\Visual Studio 2010\Projects\FtpToSharePoint\Help\Working\Output\MSHelpViewer\icons\pubproperty.gif
C:\Program Files (x86)\Sandcastle\\Presentation\VS2005\icons\pubstructure.gif -&gt; C:\Users\Administrator\Documents\Visual Studio 2010\Projects\FtpToSharePoint\Help\Working\Output\MSHelpViewer\icons\pubstructure.gif
C:\Program Files (x86)\Sandcastle\\Presentation\VS2005\icons\requirements1a.gif -&gt; C:\Users\Administrator\Documents\Visual Studio 2010\Projects\FtpToSharePoint\Help\Working\Output\MSHelpViewer\icons\requirements1a.gif
C:\Program Files (x86)\Sandcastle\\Presentation\VS2005\icons\requirements1c.gif -&gt; C:\Users\Administrator\Documents\Visual Studio 2010\Projects\FtpToSharePoint\Help\Working\Output\MSHelpViewer\icons\requirements1c.gif
C:\Program Files (x86)\Sandcastle\\Presentation\VS2005\icons\save.gif -&gt; C:\Users\Administrator\Documents\Visual Studio 2010\Projects\FtpToSharePoint\Help\Working\Output\MSHelpViewer\icons\save.gif
C:\Program Files (x86)\Sandcastle\\Presentation\VS2005\icons\save_hover.gif -&gt; C:\Users\Administrator\Documents\Visual Studio 2010\Projects\FtpToSharePoint\Help\Working\Output\MSHelpViewer\icons\save_hover.gif
C:\Program Files (x86)\Sandcastle\\Presentation\VS2005\icons\security.gif -&gt; C:\Users\Administrator\Documents\Visual Studio 2010\Projects\FtpToSharePoint\Help\Working\Output\MSHelpViewer\icons\security.gif
C:\Program Files (x86)\Sandcastle\\Presentation\VS2005\icons\seealso1a.gif -&gt; C:\Users\Administrator\Documents\Visual Studio 2010\Projects\FtpToSharePoint\Help\Working\Output\MSHelpViewer\icons\seealso1a.gif
C:\Program Files (x86)\Sandcastle\\Presentation\VS2005\icons\seealso1c.gif -&gt; C:\Users\Administrator\Documents\Visual Studio 2010\Projects\FtpToSharePoint\Help\Working\Output\MSHelpViewer\icons\seealso1c.gif
C:\Program Files (x86)\Sandcastle\\Presentation\VS2005\icons\slMobile.gif -&gt; C:\Users\Administrator\Documents\Visual Studio 2010\Projects\FtpToSharePoint\Help\Working\Output\MSHelpViewer\icons\slMobile.gif
C:\Program Files (x86)\Sandcastle\\Presentation\VS2005\icons\static.gif -&gt; C:\Users\Administrator\Documents\Visual Studio 2010\Projects\FtpToSharePoint\Help\Working\Output\MSHelpViewer\icons\static.gif
C:\Program Files (x86)\Sandcastle\\Presentation\VS2005\icons\xna.gif -&gt; C:\Users\Administrator\Documents\Visual Studio 2010\Projects\FtpToSharePoint\Help\Working\Output\MSHelpViewer\icons\xna.gif
C:\Program Files (x86)\Sandcastle\\Presentation\VS2005\scripts\CheckboxMenu.js -&gt; C:\Users\Administrator\Documents\Visual Studio 2010\Projects\FtpToSharePoint\Help\Working\Output\MSHelpViewer\scripts\CheckboxMenu.js
C:\Program Files (x86)\Sandcastle\\Presentation\VS2005\scripts\CommonUtilities.js -&gt; C:\Users\Administrator\Documents\Visual Studio 2010\Projects\FtpToSharePoint\Help\Working\Output\MSHelpViewer\scripts\CommonUtilities.js
C:\Program Files (x86)\Sandcastle\\Presentation\VS2005\scripts\Dropdown.js -&gt; C:\Users\Administrator\Documents\Visual Studio 2010\Projects\FtpToSharePoint\Help\Working\Output\MSHelpViewer\scripts\Dropdown.js
C:\Program Files (x86)\Sandcastle\\Presentation\VS2005\scripts\EventUtilities.js -&gt; C:\Users\Administrator\Documents\Visual Studio 2010\Projects\FtpToSharePoint\Help\Working\Output\MSHelpViewer\scripts\EventUtilities.js
C:\Program Files (x86)\Sandcastle\\Presentation\VS2005\scripts\script_feedBack.js -&gt; C:\Users\Administrator\Documents\Visual Studio 2010\Projects\FtpToSharePoint\Help\Working\Output\MSHelpViewer\scripts\script_feedBack.js
C:\Program Files (x86)\Sandcastle\\Presentation\VS2005\scripts\script_manifold.js -&gt; C:\Users\Administrator\Documents\Visual Studio 2010\Projects\FtpToSharePoint\Help\Working\Output\MSHelpViewer\scripts\script_manifold.js
C:\Program Files (x86)\Sandcastle\\Presentation\VS2005\scripts\SplitScreen.js -&gt; C:\Users\Administrator\Documents\Visual Studio 2010\Projects\FtpToSharePoint\Help\Working\Output\MSHelpViewer\scripts\SplitScreen.js
C:\Program Files (x86)\Sandcastle\\Presentation\VS2005\styles\Presentation.css -&gt; C:\Users\Administrator\Documents\Visual Studio 2010\Projects\FtpToSharePoint\Help\Working\Output\MSHelpViewer\styles\Presentation.css
C:\Program Files (x86)\Sandcastle\\Presentation\VS2005\styles\Whidbey\Presentation.css -&gt; C:\Users\Administrator\Documents\Visual Studio 2010\Projects\FtpToSharePoint\Help\Working\Output\MSHelpViewer\styles\Whidbey\Presentation.css
C:\Program Files (x86)\Sandcastle\\Presentation\VS2005\icons\adm.gif -&gt; C:\Users\Administrator\Documents\Visual Studio 2010\Projects\FtpToSharePoint\Help\Working\Output\Website\icons\adm.gif
C:\Program Files (x86)\Sandcastle\\Presentation\VS2005\icons\adm_arch.gif -&gt; C:\Users\Administrator\Documents\Visual Studio 2010\Projects\FtpToSharePoint\Help\Working\Output\Website\icons\adm_arch.gif
C:\Program Files (x86)\Sandcastle\\Presentation\VS2005\icons\adm_dev.gif -&gt; C:\Users\Administrator\Documents\Visual Studio 2010\Projects\FtpToSharePoint\Help\Working\Output\Website\icons\adm_dev.gif
C:\Program Files (x86)\Sandcastle\\Presentation\VS2005\icons\adm_dev_arch.gif -&gt; C:\Users\Administrator\Documents\Visual Studio 2010\Projects\FtpToSharePoint\Help\Working\Output\Website\icons\adm_dev_arch.gif
C:\Program Files (x86)\Sandcastle\\Presentation\VS2005\icons\alert_caution.gif -&gt; C:\Users\Administrator\Documents\Visual Studio 2010\Projects\FtpToSharePoint\Help\Working\Output\Website\icons\alert_caution.gif
C:\Program Files (x86)\Sandcastle\\Presentation\VS2005\icons\alert_note.gif -&gt; C:\Users\Administrator\Documents\Visual Studio 2010\Projects\FtpToSharePoint\Help\Working\Output\Website\icons\alert_note.gif
C:\Program Files (x86)\Sandcastle\\Presentation\VS2005\icons\alert_security.gif -&gt; C:\Users\Administrator\Documents\Visual Studio 2010\Projects\FtpToSharePoint\Help\Working\Output\Website\icons\alert_security.gif
C:\Program Files (x86)\Sandcastle\\Presentation\VS2005\icons\arch.gif -&gt; C:\Users\Administrator\Documents\Visual Studio 2010\Projects\FtpToSharePoint\Help\Working\Output\Website\icons\arch.gif
C:\Program Files (x86)\Sandcastle\\Presentation\VS2005\icons\big_adm.gif -&gt; C:\Users\Administrator\Documents\Visual Studio 2010\Projects\FtpToSharePoint\Help\Working\Output\Website\icons\big_adm.gif
C:\Program Files (x86)\Sandcastle\\Presentation\VS2005\icons\big_arch.gif -&gt; C:\Users\Administrator\Documents\Visual Studio 2010\Projects\FtpToSharePoint\Help\Working\Output\Website\icons\big_arch.gif
C:\Program Files (x86)\Sandcastle\\Presentation\VS2005\icons\big_dev.gif -&gt; C:\Users\Administrator\Documents\Visual Studio 2010\Projects\FtpToSharePoint\Help\Working\Output\Website\icons\big_dev.gif
C:\Program Files (x86)\Sandcastle\\Presentation\VS2005\icons\big_kw.gif -&gt; C:\Users\Administrator\Documents\Visual Studio 2010\Projects\FtpToSharePoint\Help\Working\Output\Website\icons\big_kw.gif
C:\Program Files (x86)\Sandcastle\\Presentation\VS2005\icons\box.gif -&gt; C:\Users\Administrator\Documents\Visual Studio 2010\Projects\FtpToSharePoint\Help\Working\Output\Website\icons\box.gif
C:\Program Files (x86)\Sandcastle\\Presentation\VS2005\icons\Caution.gif -&gt; C:\Users\Administrator\Documents\Visual Studio 2010\Projects\FtpToSharePoint\Help\Working\Output\Website\icons\Caution.gif
C:\Program Files (x86)\Sandcastle\\Presentation\VS2005\icons\CFW.gif -&gt; C:\Users\Administrator\Documents\Visual Studio 2010\Projects\FtpToSharePoint\Help\Working\Output\Website\icons\CFW.gif
C:\Program Files (x86)\Sandcastle\\Presentation\VS2005\icons\collall.gif -&gt; C:\Users\Administrator\Documents\Visual Studio 2010\Projects\FtpToSharePoint\Help\Working\Output\Website\icons\collall.gif
C:\Program Files (x86)\Sandcastle\\Presentation\VS2005\icons\collapse.gif -&gt; C:\Users\Administrator\Documents\Visual Studio 2010\Projects\FtpToSharePoint\Help\Working\Output\Website\icons\collapse.gif
C:\Program Files (x86)\Sandcastle\\Presentation\VS2005\icons\collapse_all.gif -&gt; C:\Users\Administrator\Documents\Visual Studio 2010\Projects\FtpToSharePoint\Help\Working\Output\Website\icons\collapse_all.gif
C:\Program Files (x86)\Sandcastle\\Presentation\VS2005\icons\copycode.gif -&gt; C:\Users\Administrator\Documents\Visual Studio 2010\Projects\FtpToSharePoint\Help\Working\Output\Website\icons\copycode.gif
C:\Program Files (x86)\Sandcastle\\Presentation\VS2005\icons\copycodeHighlight.gif -&gt; C:\Users\Administrator\Documents\Visual Studio 2010\Projects\FtpToSharePoint\Help\Working\Output\Website\icons\copycodeHighlight.gif
C:\Program Files (x86)\Sandcastle\\Presentation\VS2005\icons\dev.gif -&gt; C:\Users\Administrator\Documents\Visual Studio 2010\Projects\FtpToSharePoint\Help\Working\Output\Website\icons\dev.gif
C:\Program Files (x86)\Sandcastle\\Presentation\VS2005\icons\dev_arch.gif -&gt; C:\Users\Administrator\Documents\Visual Studio 2010\Projects\FtpToSharePoint\Help\Working\Output\Website\icons\dev_arch.gif
C:\Program Files (x86)\Sandcastle\\Presentation\VS2005\icons\dropdown.gif -&gt; C:\Users\Administrator\Documents\Visual Studio 2010\Projects\FtpToSharePoint\Help\Working\Output\Website\icons\dropdown.gif
C:\Program Files (x86)\Sandcastle\\Presentation\VS2005\icons\dropdownHover.gif -&gt; C:\Users\Administrator\Documents\Visual Studio 2010\Projects\FtpToSharePoint\Help\Working\Output\Website\icons\dropdownHover.gif
C:\Program Files (x86)\Sandcastle\\Presentation\VS2005\icons\drpdown.gif -&gt; C:\Users\Administrator\Documents\Visual Studio 2010\Projects\FtpToSharePoint\Help\Working\Output\Website\icons\drpdown.gif
C:\Program Files (x86)\Sandcastle\\Presentation\VS2005\icons\drpdown_orange.gif -&gt; C:\Users\Administrator\Documents\Visual Studio 2010\Projects\FtpToSharePoint\Help\Working\Output\Website\icons\drpdown_orange.gif
C:\Program Files (x86)\Sandcastle\\Presentation\VS2005\icons\drpdown_orange_up.gif -&gt; C:\Users\Administrator\Documents\Visual Studio 2010\Projects\FtpToSharePoint\Help\Working\Output\Website\icons\drpdown_orange_up.gif
C:\Program Files (x86)\Sandcastle\\Presentation\VS2005\icons\drpup.gif -&gt; C:\Users\Administrator\Documents\Visual Studio 2010\Projects\FtpToSharePoint\Help\Working\Output\Website\icons\drpup.gif
C:\Program Files (x86)\Sandcastle\\Presentation\VS2005\icons\exp.gif -&gt; C:\Users\Administrator\Documents\Visual Studio 2010\Projects\FtpToSharePoint\Help\Working\Output\Website\icons\exp.gif
C:\Program Files (x86)\Sandcastle\\Presentation\VS2005\icons\expall.gif -&gt; C:\Users\Administrator\Documents\Visual Studio 2010\Projects\FtpToSharePoint\Help\Working\Output\Website\icons\expall.gif
C:\Program Files (x86)\Sandcastle\\Presentation\VS2005\icons\expand_all.gif -&gt; C:\Users\Administrator\Documents\Visual Studio 2010\Projects\FtpToSharePoint\Help\Working\Output\Website\icons\expand_all.gif
C:\Program Files (x86)\Sandcastle\\Presentation\VS2005\icons\filter1a.gif -&gt; C:\Users\Administrator\Documents\Visual Studio 2010\Projects\FtpToSharePoint\Help\Working\Output\Website\icons\filter1a.gif
C:\Program Files (x86)\Sandcastle\\Presentation\VS2005\icons\filter1c.gif -&gt; C:\Users\Administrator\Documents\Visual Studio 2010\Projects\FtpToSharePoint\Help\Working\Output\Website\icons\filter1c.gif
C:\Program Files (x86)\Sandcastle\\Presentation\VS2005\icons\footer.gif -&gt; C:\Users\Administrator\Documents\Visual Studio 2010\Projects\FtpToSharePoint\Help\Working\Output\Website\icons\footer.gif
C:\Program Files (x86)\Sandcastle\\Presentation\VS2005\icons\gradient.gif -&gt; C:\Users\Administrator\Documents\Visual Studio 2010\Projects\FtpToSharePoint\Help\Working\Output\Website\icons\gradient.gif
C:\Program Files (x86)\Sandcastle\\Presentation\VS2005\icons\greencheck.gif -&gt; C:\Users\Administrator\Documents\Visual Studio 2010\Projects\FtpToSharePoint\Help\Working\Output\Website\icons\greencheck.gif
C:\Program Files (x86)\Sandcastle\\Presentation\VS2005\icons\greychck.gif -&gt; C:\Users\Administrator\Documents\Visual Studio 2010\Projects\FtpToSharePoint\Help\Working\Output\Website\icons\greychck.gif
C:\Program Files (x86)\Sandcastle\\Presentation\VS2005\icons\header_prev_next.jpg -&gt; C:\Users\Administrator\Documents\Visual Studio 2010\Projects\FtpToSharePoint\Help\Working\Output\Website\icons\header_prev_next.jpg
C:\Program Files (x86)\Sandcastle\\Presentation\VS2005\icons\header_sql_tutorial_blank.jpg -&gt; C:\Users\Administrator\Documents\Visual Studio 2010\Projects\FtpToSharePoint\Help\Working\Output\Website\icons\header_sql_tutorial_blank.jpg
C:\Program Files (x86)\Sandcastle\\Presentation\VS2005\icons\header_sql_tutorial_logo.GIF -&gt; C:\Users\Administrator\Documents\Visual Studio 2010\Projects\FtpToSharePoint\Help\Working\Output\Website\icons\header_sql_tutorial_logo.GIF
C:\Program Files (x86)\Sandcastle\\Presentation\VS2005\icons\kw.gif -&gt; C:\Users\Administrator\Documents\Visual Studio 2010\Projects\FtpToSharePoint\Help\Working\Output\Website\icons\kw.gif
C:\Program Files (x86)\Sandcastle\\Presentation\VS2005\icons\kw_adm.gif -&gt; C:\Users\Administrator\Documents\Visual Studio 2010\Projects\FtpToSharePoint\Help\Working\Output\Website\icons\kw_adm.gif
C:\Program Files (x86)\Sandcastle\\Presentation\VS2005\icons\kw_adm_arch.gif -&gt; C:\Users\Administrator\Documents\Visual Studio 2010\Projects\FtpToSharePoint\Help\Working\Output\Website\icons\kw_adm_arch.gif
C:\Program Files (x86)\Sandcastle\\Presentation\VS2005\icons\kw_adm_dev.gif -&gt; C:\Users\Administrator\Documents\Visual Studio 2010\Projects\FtpToSharePoint\Help\Working\Output\Website\icons\kw_adm_dev.gif
C:\Program Files (x86)\Sandcastle\\Presentation\VS2005\icons\kw_adm_dev_arch.gif -&gt; C:\Users\Administrator\Documents\Visual Studio 2010\Projects\FtpToSharePoint\Help\Working\Output\Website\icons\kw_adm_dev_arch.gif
C:\Program Files (x86)\Sandcastle\\Presentation\VS2005\icons\kw_arch.gif -&gt; C:\Users\Administrator\Documents\Visual Studio 2010\Projects\FtpToSharePoint\Help\Working\Output\Website\icons\kw_arch.gif
C:\Program Files (x86)\Sandcastle\\Presentation\VS2005\icons\kw_dev.gif -&gt; C:\Users\Administrator\Documents\Visual Studio 2010\Projects\FtpToSharePoint\Help\Working\Output\Website\icons\kw_dev.gif
C:\Program Files (x86)\Sandcastle\\Presentation\VS2005\icons\kw_dev_arch.gif -&gt; C:\Users\Administrator\Documents\Visual Studio 2010\Projects\FtpToSharePoint\Help\Working\Output\Website\icons\kw_dev_arch.gif
C:\Program Files (x86)\Sandcastle\\Presentation\VS2005\icons\LastChild.gif -&gt; C:\Users\Administrator\Documents\Visual Studio 2010\Projects\FtpToSharePoint\Help\Working\Output\Website\icons\LastChild.gif
C:\Program Files (x86)\Sandcastle\\Presentation\VS2005\icons\load.gif -&gt; C:\Users\Administrator\Documents\Visual Studio 2010\Projects\FtpToSharePoint\Help\Working\Output\Website\icons\load.gif
C:\Program Files (x86)\Sandcastle\\Presentation\VS2005\icons\load_hover.gif -&gt; C:\Users\Administrator\Documents\Visual Studio 2010\Projects\FtpToSharePoint\Help\Working\Output\Website\icons\load_hover.gif
C:\Program Files (x86)\Sandcastle\\Presentation\VS2005\icons\note.gif -&gt; C:\Users\Administrator\Documents\Visual Studio 2010\Projects\FtpToSharePoint\Help\Working\Output\Website\icons\note.gif
C:\Program Files (x86)\Sandcastle\\Presentation\VS2005\icons\pencil.GIF -&gt; C:\Users\Administrator\Documents\Visual Studio 2010\Projects\FtpToSharePoint\Help\Working\Output\Website\icons\pencil.GIF
C:\Program Files (x86)\Sandcastle\\Presentation\VS2005\icons\privclass.gif -&gt; C:\Users\Administrator\Documents\Visual Studio 2010\Projects\FtpToSharePoint\Help\Working\Output\Website\icons\privclass.gif
C:\Program Files (x86)\Sandcastle\\Presentation\VS2005\icons\privdelegate.gif -&gt; C:\Users\Administrator\Documents\Visual Studio 2010\Projects\FtpToSharePoint\Help\Working\Output\Website\icons\privdelegate.gif
C:\Program Files (x86)\Sandcastle\\Presentation\VS2005\icons\privenum.gif -&gt; C:\Users\Administrator\Documents\Visual Studio 2010\Projects\FtpToSharePoint\Help\Working\Output\Website\icons\privenum.gif
C:\Program Files (x86)\Sandcastle\\Presentation\VS2005\icons\privenumeration.gif -&gt; C:\Users\Administrator\Documents\Visual Studio 2010\Projects\FtpToSharePoint\Help\Working\Output\Website\icons\privenumeration.gif
C:\Program Files (x86)\Sandcastle\\Presentation\VS2005\icons\privevent.gif -&gt; C:\Users\Administrator\Documents\Visual Studio 2010\Projects\FtpToSharePoint\Help\Working\Output\Website\icons\privevent.gif
C:\Program Files (x86)\Sandcastle\\Presentation\VS2005\icons\privextension.gif -&gt; C:\Users\Administrator\Documents\Visual Studio 2010\Projects\FtpToSharePoint\Help\Working\Output\Website\icons\privextension.gif
C:\Program Files (x86)\Sandcastle\\Presentation\VS2005\icons\privfield.gif -&gt; C:\Users\Administrator\Documents\Visual Studio 2010\Projects\FtpToSharePoint\Help\Working\Output\Website\icons\privfield.gif
C:\Program Files (x86)\Sandcastle\\Presentation\VS2005\icons\privinterface.gif -&gt; C:\Users\Administrator\Documents\Visual Studio 2010\Projects\FtpToSharePoint\Help\Working\Output\Website\icons\privinterface.gif
C:\Program Files (x86)\Sandcastle\\Presentation\VS2005\icons\privmethod.gif -&gt; C:\Users\Administrator\Documents\Visual Studio 2010\Projects\FtpToSharePoint\Help\Working\Output\Website\icons\privmethod.gif
C:\Program Files (x86)\Sandcastle\\Presentation\VS2005\icons\privproperty.gif -&gt; C:\Users\Administrator\Documents\Visual Studio 2010\Projects\FtpToSharePoint\Help\Working\Output\Website\icons\privproperty.gif
C:\Program Files (x86)\Sandcastle\\Presentation\VS2005\icons\privstructure.gif -&gt; C:\Users\Administrator\Documents\Visual Studio 2010\Projects\FtpToSharePoint\Help\Working\Output\Website\icons\privstructure.gif
C:\Program Files (x86)\Sandcastle\\Presentation\VS2005\icons\protclass.gif -&gt; C:\Users\Administrator\Documents\Visual Studio 2010\Projects\FtpToSharePoint\Help\Working\Output\Website\icons\protclass.gif
C:\Program Files (x86)\Sandcastle\\Presentation\VS2005\icons\protdelegate.gif -&gt; C:\Users\Administrator\Documents\Visual Studio 2010\Projects\FtpToSharePoint\Help\Working\Output\Website\icons\protdelegate.gif
C:\Program Files (x86)\Sandcastle\\Presentation\VS2005\icons\protenum.gif -&gt; C:\Users\Administrator\Documents\Visual Studio 2010\Projects\FtpToSharePoint\Help\Working\Output\Website\icons\protenum.gif
C:\Program Files (x86)\Sandcastle\\Presentation\VS2005\icons\protenumeration.gif -&gt; C:\Users\Administrator\Documents\Visual Studio 2010\Projects\FtpToSharePoint\Help\Working\Output\Website\icons\protenumeration.gif
C:\Program Files (x86)\Sandcastle\\Presentation\VS2005\icons\protevent.gif -&gt; C:\Users\Administrator\Documents\Visual Studio 2010\Projects\FtpToSharePoint\Help\Working\Output\Website\icons\protevent.gif
C:\Program Files (x86)\Sandcastle\\Presentation\VS2005\icons\protextension.gif -&gt; C:\Users\Administrator\Documents\Visual Studio 2010\Projects\FtpToSharePoint\Help\Working\Output\Website\icons\protextension.gif
C:\Program Files (x86)\Sandcastle\\Presentation\VS2005\icons\protfield.gif -&gt; C:\Users\Administrator\Documents\Visual Studio 2010\Projects\FtpToSharePoint\Help\Working\Output\Website\icons\protfield.gif
C:\Program Files (x86)\Sandcastle\\Presentation\VS2005\icons\protinterface.gif -&gt; C:\Users\Administrator\Documents\Visual Studio 2010\Projects\FtpToSharePoint\Help\Working\Output\Website\icons\protinterface.gif
C:\Program Files (x86)\Sandcastle\\Presentation\VS2005\icons\protmethod.gif -&gt; C:\Users\Administrator\Documents\Visual Studio 2010\Projects\FtpToSharePoint\Help\Working\Output\Website\icons\protmethod.gif
C:\Program Files (x86)\Sandcastle\\Presentation\VS2005\icons\protoperator.gif -&gt; C:\Users\Administrator\Documents\Visual Studio 2010\Projects\FtpToSharePoint\Help\Working\Output\Website\icons\protoperator.gif
C:\Program Files (x86)\Sandcastle\\Presentation\VS2005\icons\protproperty.gif -&gt; C:\Users\Administrator\Documents\Visual Studio 2010\Projects\FtpToSharePoint\Help\Working\Output\Website\icons\protproperty.gif
C:\Program Files (x86)\Sandcastle\\Presentation\VS2005\icons\protstructure.gif -&gt; C:\Users\Administrator\Documents\Visual Studio 2010\Projects\FtpToSharePoint\Help\Working\Output\Website\icons\protstructure.gif
C:\Program Files (x86)\Sandcastle\\Presentation\VS2005\icons\pubclass.gif -&gt; C:\Users\Administrator\Documents\Visual Studio 2010\Projects\FtpToSharePoint\Help\Working\Output\Website\icons\pubclass.gif
C:\Program Files (x86)\Sandcastle\\Presentation\VS2005\icons\pubdelegate.gif -&gt; C:\Users\Administrator\Documents\Visual Studio 2010\Projects\FtpToSharePoint\Help\Working\Output\Website\icons\pubdelegate.gif
C:\Program Files (x86)\Sandcastle\\Presentation\VS2005\icons\pubenum.gif -&gt; C:\Users\Administrator\Documents\Visual Studio 2010\Projects\FtpToSharePoint\Help\Working\Output\Website\icons\pubenum.gif
C:\Program Files (x86)\Sandcastle\\Presentation\VS2005\icons\pubenumeration.gif -&gt; C:\Users\Administrator\Documents\Visual Studio 2010\Projects\FtpToSharePoint\Help\Working\Output\Website\icons\pubenumeration.gif
C:\Program Files (x86)\Sandcastle\\Presentation\VS2005\icons\pubevent.gif -&gt; C:\Users\Administrator\Documents\Visual Studio 2010\Projects\FtpToSharePoint\Help\Working\Output\Website\icons\pubevent.gif
C:\Program Files (x86)\Sandcastle\\Presentation\VS2005\icons\pubextension.gif -&gt; C:\Users\Administrator\Documents\Visual Studio 2010\Projects\FtpToSharePoint\Help\Working\Output\Website\icons\pubextension.gif
C:\Program Files (x86)\Sandcastle\\Presentation\VS2005\icons\pubfield.gif -&gt; C:\Users\Administrator\Documents\Visual Studio 2010\Projects\FtpToSharePoint\Help\Working\Output\Website\icons\pubfield.gif
C:\Program Files (x86)\Sandcastle\\Presentation\VS2005\icons\pubinterface.gif -&gt; C:\Users\Administrator\Documents\Visual Studio 2010\Projects\FtpToSharePoint\Help\Working\Output\Website\icons\pubinterface.gif
C:\Program Files (x86)\Sandcastle\\Presentation\VS2005\icons\pubmethod.gif -&gt; C:\Users\Administrator\Documents\Visual Studio 2010\Projects\FtpToSharePoint\Help\Working\Output\Website\icons\pubmethod.gif
C:\Program Files (x86)\Sandcastle\\Presentation\VS2005\icons\puboperator.gif -&gt; C:\Users\Administrator\Documents\Visual Studio 2010\Projects\FtpToSharePoint\Help\Working\Output\Website\icons\puboperator.gif
C:\Program Files (x86)\Sandcastle\\Presentation\VS2005\icons\pubproperty.gif -&gt; C:\Users\Administrator\Documents\Visual Studio 2010\Projects\FtpToSharePoint\Help\Working\Output\Website\icons\pubproperty.gif
C:\Program Files (x86)\Sandcastle\\Presentation\VS2005\icons\pubstructure.gif -&gt; C:\Users\Administrator\Documents\Visual Studio 2010\Projects\FtpToSharePoint\Help\Working\Output\Website\icons\pubstructure.gif
C:\Program Files (x86)\Sandcastle\\Presentation\VS2005\icons\requirements1a.gif -&gt; C:\Users\Administrator\Documents\Visual Studio 2010\Projects\FtpToSharePoint\Help\Working\Output\Website\icons\requirements1a.gif
C:\Program Files (x86)\Sandcastle\\Presentation\VS2005\icons\requirements1c.gif -&gt; C:\Users\Administrator\Documents\Visual Studio 2010\Projects\FtpToSharePoint\Help\Working\Output\Website\icons\requirements1c.gif
C:\Program Files (x86)\Sandcastle\\Presentation\VS2005\icons\save.gif -&gt; C:\Users\Administrator\Documents\Visual Studio 2010\Projects\FtpToSharePoint\Help\Working\Output\Website\icons\save.gif
C:\Program Files (x86)\Sandcastle\\Presentation\VS2005\icons\save_hover.gif -&gt; C:\Users\Administrator\Documents\Visual Studio 2010\Projects\FtpToSharePoint\Help\Working\Output\Website\icons\save_hover.gif
C:\Program Files (x86)\Sandcastle\\Presentation\VS2005\icons\security.gif -&gt; C:\Users\Administrator\Documents\Visual Studio 2010\Projects\FtpToSharePoint\Help\Working\Output\Website\icons\security.gif
C:\Program Files (x86)\Sandcastle\\Presentation\VS2005\icons\seealso1a.gif -&gt; C:\Users\Administrator\Documents\Visual Studio 2010\Projects\FtpToSharePoint\Help\Working\Output\Website\icons\seealso1a.gif
C:\Program Files (x86)\Sandcastle\\Presentation\VS2005\icons\seealso1c.gif -&gt; C:\Users\Administrator\Documents\Visual Studio 2010\Projects\FtpToSharePoint\Help\Working\Output\Website\icons\seealso1c.gif
C:\Program Files (x86)\Sandcastle\\Presentation\VS2005\icons\slMobile.gif -&gt; C:\Users\Administrator\Documents\Visual Studio 2010\Projects\FtpToSharePoint\Help\Working\Output\Website\icons\slMobile.gif
C:\Program Files (x86)\Sandcastle\\Presentation\VS2005\icons\static.gif -&gt; C:\Users\Administrator\Documents\Visual Studio 2010\Projects\FtpToSharePoint\Help\Working\Output\Website\icons\static.gif
C:\Program Files (x86)\Sandcastle\\Presentation\VS2005\icons\xna.gif -&gt; C:\Users\Administrator\Documents\Visual Studio 2010\Projects\FtpToSharePoint\Help\Working\Output\Website\icons\xna.gif
C:\Program Files (x86)\Sandcastle\\Presentation\VS2005\scripts\CheckboxMenu.js -&gt; C:\Users\Administrator\Documents\Visual Studio 2010\Projects\FtpToSharePoint\Help\Working\Output\Website\scripts\CheckboxMenu.js
C:\Program Files (x86)\Sandcastle\\Presentation\VS2005\scripts\CommonUtilities.js -&gt; C:\Users\Administrator\Documents\Visual Studio 2010\Projects\FtpToSharePoint\Help\Working\Output\Website\scripts\CommonUtilities.js
C:\Program Files (x86)\Sandcastle\\Presentation\VS2005\scripts\Dropdown.js -&gt; C:\Users\Administrator\Documents\Visual Studio 2010\Projects\FtpToSharePoint\Help\Working\Output\Website\scripts\Dropdown.js
C:\Program Files (x86)\Sandcastle\\Presentation\VS2005\scripts\EventUtilities.js -&gt; C:\Users\Administrator\Documents\Visual Studio 2010\Projects\FtpToSharePoint\Help\Working\Output\Website\scripts\EventUtilities.js
C:\Program Files (x86)\Sandcastle\\Presentation\VS2005\scripts\script_feedBack.js -&gt; C:\Users\Administrator\Documents\Visual Studio 2010\Projects\FtpToSharePoint\Help\Working\Output\Website\scripts\script_feedBack.js
C:\Program Files (x86)\Sandcastle\\Presentation\VS2005\scripts\script_manifold.js -&gt; C:\Users\Administrator\Documents\Visual Studio 2010\Projects\FtpToSharePoint\Help\Working\Output\Website\scripts\script_manifold.js
C:\Program Files (x86)\Sandcastle\\Presentation\VS2005\scripts\SplitScreen.js -&gt; C:\Users\Administrator\Documents\Visual Studio 2010\Projects\FtpToSharePoint\Help\Working\Output\Website\scripts\SplitScreen.js
C:\Program Files (x86)\Sandcastle\\Presentation\VS2005\styles\Presentation.css -&gt; C:\Users\Administrator\Documents\Visual Studio 2010\Projects\FtpToSharePoint\Help\Working\Output\Website\styles\Presentation.css
C:\Program Files (x86)\Sandcastle\\Presentation\VS2005\styles\Whidbey\Presentation.css -&gt; C:\Users\Administrator\Documents\Visual Studio 2010\Projects\FtpToSharePoint\Help\Working\Output\Website\styles\Whidbey\Presentation.css
    Last step completed in 00:00:02.0988
</buildStep>
<buildStep step="CopyAdditionalContent">
Copying additional content files...
No additional content to copy
    Last step completed in 00:00:00.0042
</buildStep>
<buildStep step="MergeTablesOfContents">
Merging conceptual and additional tables of contents...
    Last step completed in 00:00:00.0032
</buildStep>
<buildStep step="GenerateIntermediateTableOfContents">
Generating intermediate table of contents file...
[C:\Windows\Microsoft.NET\Framework64\v4.0.30319\MSBuild.exe]
  XslTransform (v2.7.2.0)
  Copyright c 2006-2012, Microsoft Corporation, All Rights Reserved
  Info: Applying XSL transformation &#39;C:\Program Files (x86)\Sandcastle\\ProductionTransforms\CreateVSToc.xsl&#39;.
Generating conceptual content intermediate TOC file...
    Last step completed in 00:00:02.4035
</buildStep>
<buildStep step="CreateBuildAssemblerConfigs">
Creating Sandcastle configuration files...
    sandcastle.config
    Last step completed in 00:00:00.0811
</buildStep>
<buildStep step="MergeCustomConfigs">
Merging custom build component configurations
C:\Users\Administrator\Documents\Visual Studio 2010\Projects\FtpToSharePoint\Help\Working\sandcastle.config
    Last step completed in 00:00:00.0326
</buildStep>
<buildStep step="BuildReferenceTopics">
Building reference help topics...
[C:\Windows\Microsoft.NET\Framework64\v4.0.30319\MSBuild.exe]
  BuildAssembler (v2.7.2.0)
  Copyright c 2006-2012, Microsoft Corporation, All Rights Reserved
  Info: Loading configuration...
  Info: Processing topics...
  Warn: ResolveReferenceLinksComponent2: [T:FtpToSharePoint.FtpToSpService] MSDN URL not found for target &#39;T:System.ServiceProcess.ServiceBase&#39;.
  Warn: ResolveReferenceLinksComponent2: [T:FtpToSharePoint.FtpToSpService] MSDN URL not found for target &#39;T:System.ServiceProcess.ServiceBase&#39;.
  Warn: ResolveReferenceLinksComponent2: [T:FtpToSharePoint.FtpToSpService] MSDN URL not found for target &#39;T:System.ServiceProcess.ServiceBase&#39;.
  Warn: ShowMissingComponent: [M:FtpToSharePoint.FtpToSpService.OnStart(System.String[])] Missing &lt;param name=&quot;args&quot;/&gt; documentation
  Warn: ShowMissingComponent: [T:FtpToSharePoint.ProjectInstaller] Missing &lt;summary&gt; documentation
  Info: Processed 22 topics
    Last step completed in 00:02:08.0856
</buildStep>
<buildStep step="CombiningIntermediateTocFiles">
Combining conceptual and API intermediate TOC files...

Clearing any prior web output
    Last step completed in 00:00:00.0195
</buildStep>
<buildStep step="ExtractingHtmlInfo">
Extracting HTML info for HTML Help 1 and/or website...
[C:\Windows\Microsoft.NET\Framework64\v4.0.30319\MSBuild.exe]
Sandcastle Help File Builder, version 1.9.6.0
Copyright c 2006-2012, Eric Woodruff, All Rights Reserved
E-Mail: Eric@EWoodruff.us

Using LCID &#39;1033&#39;, code page &#39;65001&#39;, encoding charset &#39;UTF-8&#39;.

Processing Help 1 files in C:\Users\Administrator\Documents\Visual Studio 2010\Projects\FtpToSharePoint\Help\Working\Output\HtmlHelp1
Processed 22 HTML files
Sorting keywords and generating See Also indices
Saving HTML Help 1 keyword index to C:\Users\Administrator\Documents\Visual Studio 2010\Projects\FtpToSharePoint\Help\Working\Documentation.hhk
Saving HTML Help 1 table of contents to C:\Users\Administrator\Documents\Visual Studio 2010\Projects\FtpToSharePoint\Help\Working\Documentation.hhc

Processing website files in C:\Users\Administrator\Documents\Visual Studio 2010\Projects\FtpToSharePoint\Help\Working\Output\Website
Processed 22 HTML files
Sorting keywords and generating See Also indices
Saving website keyword index to C:\Users\Administrator\Documents\Visual Studio 2010\Projects\FtpToSharePoint\Help\Working\WebKI.xml
Saving website table of contents to C:\Users\Administrator\Documents\Visual Studio 2010\Projects\FtpToSharePoint\Help\Working\WebTOC.xml
    Last step completed in 00:00:05.0762
</buildStep>
<buildStep step="GenerateHelpFormatTableOfContents">
Generating HTML Help 1 table of contents file...
    Last step completed in 00:00:00.0010
</buildStep>
<buildStep step="GenerateHelpFileIndex">
Generating HTML Help 1 index file...
    Last step completed in 00:00:00.0029
</buildStep>
<buildStep step="GenerateHelpProject">
Generating HTML Help 1 project file...
    Last step completed in 00:00:00.0313
</buildStep>
<buildStep step="CompilingHelpFile">
Compiling HTML Help 1 file...
[C:\Windows\Microsoft.NET\Framework64\v4.0.30319\MSBuild.exe]
  Microsoft HTML Help Compiler 4.74.8702
  
  
  
  Compiling c:\Users\Administrator\Documents\Visual Studio 2010\Projects\FtpToSharePoint\Help\Working\Output\HtmlHelp1\Documentation.chm
  
  
  
  
  
  Compile time: 0 minutes, 1 second
  
  24	Topics
  
  235	Local links
  
  0	Internet links
  
  0	Graphics
  
  
  
  
  
  Created c:\Users\Administrator\Documents\Visual Studio 2010\Projects\FtpToSharePoint\Help\Working\Output\HtmlHelp1\Documentation.chm, 123,061 bytes
  
  Compression decreased file by 367,357 bytes.
  
    Last step completed in 00:00:05.1573
</buildStep>
<buildStep step="GenerateHelpFormatTableOfContents">
Executing informational Generate Table of Contents build step for plug-ins (not used for MS Help Viewer)
    Last step completed in 00:00:00.0118
</buildStep>
<buildStep step="GenerateHelpProject">
Executing informational Generate Help Project build step for plug-ins (not used for MS Help Viewer)
    Last step completed in 00:00:00.0021
</buildStep>
<buildStep step="CompilingHelpFile">
Generating MS Help Viewer file...
[C:\Windows\Microsoft.NET\Framework64\v4.0.30319\MSBuild.exe]
  Compressing help content files...
  Compression finished.  135 items added
  Saving C:\Users\Administrator\Documents\Visual Studio 2010\Projects\FtpToSharePoint\Help\Documentation.mshc...
  Finished saving C:\Users\Administrator\Documents\Visual Studio 2010\Projects\FtpToSharePoint\Help\Documentation.mshc
  Compressed 5 folders, 130 files.  Reduced size by 339,233 bytes (70%).
    Last step completed in 00:00:03.6695
</buildStep>
<buildStep step="GenerateHelpFormatTableOfContents">
Generating website table of contents file...
    Last step completed in 00:00:00.0075
</buildStep>
<buildStep step="GenerateFullTextIndex">
Generating full-text index for the website...

    Last step completed in 00:00:01.1569
</buildStep>
<buildStep step="CopyingWebsiteFiles">
Copying website files to output folder...

Copied 100 files
Copied 152 files for the website content
    Last step completed in 00:00:01.4072
</buildStep>
<buildStep step="CleanIntermediates">
Removing intermediate files...
    Last step completed in 00:00:00.2728
</buildStep>
<buildStep step="Completed">

Build completed successfully at 03/07/2013 09:40 AM.  Total time: 00:02:38.1171

</buildStep>
</shfbBuild>
